<?xml version="1.0" encoding="UTF-8"?>
<robot generator="Robot 5.0.1 (Python 3.9.13 on win32)" generated="20230425 13:45:34.370" rpa="true" schemaversion="3">
<suite id="s1" name="Tasks" source="c:\Users\ShaynePendergast\OneDrive - Garnet River LLC\Documents\Robocorp\VS Code Training\Practice Level 2\tasks.robot">
<test id="s1-t1" name="Order robots from RobotSpareBin Industries Inc" line="14">
<kw name="Open the robot order website">
<kw name="Open Available Browser" library="RPA.Browser.Selenium">
<arg>https://robotsparebinindustries.com/#/robot-order</arg>
<arg>maximized=${True}</arg>
<doc>Attempts to open a browser on the user's device from a set of
supported browsers. Automatically downloads a corresponding webdriver
if none is already installed.</doc>
<msg timestamp="20230425 13:45:35.978" level="INFO">Creating an instance of the Chrome WebDriver.</msg>
<msg timestamp="20230425 13:45:35.985" level="INFO">====== WebDriver manager ======</msg>
<msg timestamp="20230425 13:45:36.434" level="INFO">Creating an instance of the Chrome WebDriver.</msg>
<msg timestamp="20230425 13:45:37.585" level="INFO">Created Chrome browser with arguments: --start-maximized --disable-dev-shm-usage --disable-web-security --allow-running-insecure-content --no-sandbox</msg>
<msg timestamp="20230425 13:45:37.586" level="INFO" html="true">&lt;p&gt;Attempted combinations:&lt;/p&gt;&lt;div class="doc"&gt;&lt;table&gt;&lt;tr&gt;&lt;th&gt;Browser&lt;/th&gt;&lt;th&gt;Download&lt;/th&gt;&lt;th&gt;Error&lt;/th&gt;&lt;/tr&gt;&lt;tr&gt;&lt;td&gt;Chrome&lt;/td&gt;&lt;td&gt;False&lt;/td&gt;&lt;td&gt;Message: 'chromedriver' executable needs to be in PATH. Please see https://chromedriver.chromium.org/home
&lt;/td&gt;&lt;/tr&gt;&lt;tr&gt;&lt;td&gt;Chrome&lt;/td&gt;&lt;td&gt;True&lt;/td&gt;&lt;td&gt;&lt;/td&gt;&lt;/tr&gt;&lt;/table&gt;&lt;/div&gt;</msg>
<msg timestamp="20230425 13:45:37.586" level="INFO">Opening url 'https://robotsparebinindustries.com/#/robot-order'</msg>
<status status="PASS" starttime="20230425 13:45:35.976" endtime="20230425 13:45:38.056"/>
</kw>
<kw name="Wait Until Page Contains Element" library="RPA.Browser.Selenium">
<arg>class:modal-header</arg>
<doc>Waits until the element ``locator`` appears on the current page.</doc>
<status status="PASS" starttime="20230425 13:45:38.057" endtime="20230425 13:45:38.069"/>
</kw>
<kw name="Click Button" library="RPA.Browser.Selenium">
<arg>OK</arg>
<doc>Clicks the button identified by ``locator``.</doc>
<msg timestamp="20230425 13:45:38.070" level="INFO">Clicking button 'OK'.</msg>
<status status="PASS" starttime="20230425 13:45:38.070" endtime="20230425 13:45:38.116"/>
</kw>
<kw name="Wait Until Page Contains Element" library="RPA.Browser.Selenium">
<arg>class:form-group</arg>
<doc>Waits until the element ``locator`` appears on the current page.</doc>
<status status="PASS" starttime="20230425 13:45:38.116" endtime="20230425 13:45:38.125"/>
</kw>
<status status="PASS" starttime="20230425 13:45:35.975" endtime="20230425 13:45:38.125"/>
</kw>
<status status="PASS" starttime="20230425 13:45:35.974" endtime="20230425 13:45:38.125"/>
</test>
<doc>Orders robots from RobotSpareBin Industries Inc.
Saves the order HTML receipt as a PDF file.
Saves the screenshot of the ordered robot.
Embeds the screenshot of the robot to the PDF receipt.
Creates ZIP archive of the receipts and the images.</doc>
<status status="PASS" starttime="20230425 13:45:34.377" endtime="20230425 13:45:38.127"/>
</suite>
<statistics>
<total>
<stat pass="1" fail="0" skip="0">All Tasks</stat>
</total>
<tag>
</tag>
<suite>
<stat pass="1" fail="0" skip="0" id="s1" name="Tasks">Tasks</stat>
</suite>
</statistics>
<errors>
</errors>
</robot>
